<?xml version="1.0" encoding="UTF-8"?>
<testsuite name="Test" tests="1" skipped="0" failures="0" errors="0" timestamp="2024-02-21T20:40:24" hostname="EQUIPO" time="0.065">
  <properties/>
  <testcase name="testSolution()" classname="Test" time="0.065"/>
  <system-out><![CDATA[]]></system-out>
  <system-err><![CDATA[]]></system-err>
</testsuite>
